[0.895s] DEBUG:colcon:Command line arguments: ['/usr/bin/colcon', 'build', '--symlink-install']
[0.896s] DEBUG:colcon:Parsed command line arguments: Namespace(log_base=None, log_level=None, verb_name='build', build_base='build', install_base='install', merge_install=False, symlink_install=True, test_result_base=None, continue_on_error=False, executor='parallel', parallel_workers=8, event_handlers=None, ignore_user_meta=False, metas=['./colcon.meta'], base_paths=['.'], packages_ignore=None, packages_ignore_regex=None, paths=None, packages_up_to=None, packages_up_to_regex=None, packages_above=None, packages_above_and_dependencies=None, packages_above_depth=None, packages_select_by_dep=None, packages_skip_by_dep=None, packages_skip_up_to=None, packages_select_build_failed=False, packages_skip_build_finished=False, packages_select_test_failures=False, packages_skip_test_passed=False, packages_select=None, packages_skip=None, packages_select_regex=None, packages_skip_regex=None, packages_start=None, packages_end=None, allow_overriding=[], cmake_args=None, cmake_target=None, cmake_target_skip_unavailable=False, cmake_clean_cache=False, cmake_clean_first=False, cmake_force_configure=False, ament_cmake_args=None, catkin_cmake_args=None, catkin_skip_building_tests=False, verb_parser=<colcon_defaults.argument_parser.defaults.DefaultArgumentsDecorator object at 0x7f924878c4c0>, verb_extension=<colcon_core.verb.build.BuildVerb object at 0x7f924878c970>, main=<bound method BuildVerb.main of <colcon_core.verb.build.BuildVerb object at 0x7f924878c970>>)
[0.942s] Level 1:colcon.colcon_core.package_discovery:discover_packages(colcon_meta) check parameters
[0.942s] Level 1:colcon.colcon_core.package_discovery:discover_packages(recursive) check parameters
[0.942s] Level 1:colcon.colcon_core.package_discovery:discover_packages(ignore) check parameters
[0.942s] Level 1:colcon.colcon_core.package_discovery:discover_packages(path) check parameters
[0.942s] Level 1:colcon.colcon_core.package_discovery:discover_packages(colcon_meta) discover
[0.942s] Level 1:colcon.colcon_core.package_discovery:discover_packages(recursive) discover
[0.942s] INFO:colcon.colcon_core.package_discovery:Crawling recursively for packages in '/home/dev-machine/dev_ws/src/Tennis_Bot'
[0.942s] Level 1:colcon.colcon_core.package_identification:_identify(.) by extensions ['ignore', 'ignore_ament_install']
[0.943s] Level 1:colcon.colcon_core.package_identification:_identify(.) by extension 'ignore'
[0.943s] Level 1:colcon.colcon_core.package_identification:_identify(.) by extension 'ignore_ament_install'
[0.943s] Level 1:colcon.colcon_core.package_identification:_identify(.) by extensions ['colcon_pkg']
[0.943s] Level 1:colcon.colcon_core.package_identification:_identify(.) by extension 'colcon_pkg'
[0.943s] Level 1:colcon.colcon_core.package_identification:_identify(.) by extensions ['colcon_meta']
[0.943s] Level 1:colcon.colcon_core.package_identification:_identify(.) by extension 'colcon_meta'
[0.943s] Level 1:colcon.colcon_core.package_identification:_identify(.) by extensions ['ros']
[0.943s] Level 1:colcon.colcon_core.package_identification:_identify(.) by extension 'ros'
[0.955s] DEBUG:colcon.colcon_core.package_identification:Package '.' with type 'ros.ament_cmake' and name 'Tennis_Bot'
[0.955s] Level 1:colcon.colcon_core.package_discovery:discover_packages(recursive) using defaults
[0.955s] Level 1:colcon.colcon_core.package_discovery:discover_packages(ignore) discover
[0.955s] Level 1:colcon.colcon_core.package_discovery:discover_packages(ignore) using defaults
[0.955s] Level 1:colcon.colcon_core.package_discovery:discover_packages(path) discover
[0.955s] Level 1:colcon.colcon_core.package_discovery:discover_packages(path) using defaults
[1.040s] Level 1:colcon.colcon_core.package_discovery:discover_packages(prefix_path) check parameters
[1.040s] Level 1:colcon.colcon_core.package_discovery:discover_packages(prefix_path) discover
[1.065s] DEBUG:colcon.colcon_installed_package_information.package_discovery:Found 291 installed packages in /opt/ros/iron
[1.066s] Level 1:colcon.colcon_core.package_discovery:discover_packages(prefix_path) using defaults
[1.139s] Level 5:colcon.colcon_core.verb:set package 'Tennis_Bot' build argument 'cmake_args' from command line to 'None'
[1.139s] Level 5:colcon.colcon_core.verb:set package 'Tennis_Bot' build argument 'cmake_target' from command line to 'None'
[1.139s] Level 5:colcon.colcon_core.verb:set package 'Tennis_Bot' build argument 'cmake_target_skip_unavailable' from command line to 'False'
[1.139s] Level 5:colcon.colcon_core.verb:set package 'Tennis_Bot' build argument 'cmake_clean_cache' from command line to 'False'
[1.139s] Level 5:colcon.colcon_core.verb:set package 'Tennis_Bot' build argument 'cmake_clean_first' from command line to 'False'
[1.139s] Level 5:colcon.colcon_core.verb:set package 'Tennis_Bot' build argument 'cmake_force_configure' from command line to 'False'
[1.139s] Level 5:colcon.colcon_core.verb:set package 'Tennis_Bot' build argument 'ament_cmake_args' from command line to 'None'
[1.139s] Level 5:colcon.colcon_core.verb:set package 'Tennis_Bot' build argument 'catkin_cmake_args' from command line to 'None'
[1.139s] Level 5:colcon.colcon_core.verb:set package 'Tennis_Bot' build argument 'catkin_skip_building_tests' from command line to 'False'
[1.139s] DEBUG:colcon.colcon_core.verb:Building package 'Tennis_Bot' with the following arguments: {'ament_cmake_args': None, 'build_base': '/home/dev-machine/dev_ws/src/Tennis_Bot/build/Tennis_Bot', 'catkin_cmake_args': None, 'catkin_skip_building_tests': False, 'cmake_args': None, 'cmake_clean_cache': False, 'cmake_clean_first': False, 'cmake_force_configure': False, 'cmake_target': None, 'cmake_target_skip_unavailable': False, 'install_base': '/home/dev-machine/dev_ws/src/Tennis_Bot/install/Tennis_Bot', 'merge_install': False, 'path': '/home/dev-machine/dev_ws/src/Tennis_Bot', 'symlink_install': True, 'test_result_base': None}
[1.152s] INFO:colcon.colcon_core.executor:Executing jobs using 'parallel' executor
[1.166s] DEBUG:colcon.colcon_parallel_executor.executor.parallel:run_until_complete
[1.167s] INFO:colcon.colcon_ros.task.ament_cmake.build:Building ROS package in '/home/dev-machine/dev_ws/src/Tennis_Bot' with build type 'ament_cmake'
[1.167s] INFO:colcon.colcon_cmake.task.cmake.build:Building CMake package in '/home/dev-machine/dev_ws/src/Tennis_Bot'
[1.185s] INFO:colcon.colcon_core.plugin_system:Skipping extension 'colcon_core.shell.bat': Not used on non-Windows systems
[1.185s] INFO:colcon.colcon_core.shell:Skip shell extension 'powershell' for command environment: Not usable outside of PowerShell
[1.185s] DEBUG:colcon.colcon_core.shell:Skip shell extension 'dsv' for command environment
[1.228s] DEBUG:colcon.colcon_core.event_handler.log_command:Invoking command in '/home/dev-machine/dev_ws/src/Tennis_Bot/build/Tennis_Bot': CMAKE_PREFIX_PATH=/opt/ros/iron /usr/bin/cmake /home/dev-machine/dev_ws/src/Tennis_Bot -DAMENT_CMAKE_SYMLINK_INSTALL=1 -DCMAKE_INSTALL_PREFIX=/home/dev-machine/dev_ws/src/Tennis_Bot/install/Tennis_Bot
[1.908s] DEBUG:colcon.colcon_core.event_handler.log_command:Invoked command in '/home/dev-machine/dev_ws/src/Tennis_Bot/build/Tennis_Bot' returned '0': CMAKE_PREFIX_PATH=/opt/ros/iron /usr/bin/cmake /home/dev-machine/dev_ws/src/Tennis_Bot -DAMENT_CMAKE_SYMLINK_INSTALL=1 -DCMAKE_INSTALL_PREFIX=/home/dev-machine/dev_ws/src/Tennis_Bot/install/Tennis_Bot
[1.910s] DEBUG:colcon.colcon_core.event_handler.log_command:Invoking command in '/home/dev-machine/dev_ws/src/Tennis_Bot/build/Tennis_Bot': CMAKE_PREFIX_PATH=/opt/ros/iron /usr/bin/cmake --build /home/dev-machine/dev_ws/src/Tennis_Bot/build/Tennis_Bot -- -j8 -l8
[1.971s] DEBUG:colcon.colcon_core.event_handler.log_command:Invoked command in '/home/dev-machine/dev_ws/src/Tennis_Bot/build/Tennis_Bot' returned '0': CMAKE_PREFIX_PATH=/opt/ros/iron /usr/bin/cmake --build /home/dev-machine/dev_ws/src/Tennis_Bot/build/Tennis_Bot -- -j8 -l8
[2.043s] DEBUG:colcon.colcon_core.event_handler.log_command:Invoking command in '/home/dev-machine/dev_ws/src/Tennis_Bot/build/Tennis_Bot': CMAKE_PREFIX_PATH=/opt/ros/iron /usr/bin/cmake --install /home/dev-machine/dev_ws/src/Tennis_Bot/build/Tennis_Bot
[2.269s] Level 1:colcon.colcon_core.environment:create_environment_scripts_only(Tennis_Bot)
[2.272s] DEBUG:colcon.colcon_core.event_handler.log_command:Invoked command in '/home/dev-machine/dev_ws/src/Tennis_Bot/build/Tennis_Bot' returned '0': CMAKE_PREFIX_PATH=/opt/ros/iron /usr/bin/cmake --install /home/dev-machine/dev_ws/src/Tennis_Bot/build/Tennis_Bot
[2.288s] Level 1:colcon.colcon_core.environment:checking '/home/dev-machine/dev_ws/src/Tennis_Bot/install/Tennis_Bot' for CMake module files
[2.289s] Level 1:colcon.colcon_core.environment:checking '/home/dev-machine/dev_ws/src/Tennis_Bot/install/Tennis_Bot' for CMake config files
[2.289s] Level 1:colcon.colcon_core.shell:create_environment_hook('Tennis_Bot', 'cmake_prefix_path')
[2.306s] INFO:colcon.colcon_core.shell:Creating environment hook '/home/dev-machine/dev_ws/src/Tennis_Bot/install/Tennis_Bot/share/Tennis_Bot/hook/cmake_prefix_path.ps1'
[2.306s] INFO:colcon.colcon_core.shell:Creating environment descriptor '/home/dev-machine/dev_ws/src/Tennis_Bot/install/Tennis_Bot/share/Tennis_Bot/hook/cmake_prefix_path.dsv'
[2.307s] INFO:colcon.colcon_core.shell:Creating environment hook '/home/dev-machine/dev_ws/src/Tennis_Bot/install/Tennis_Bot/share/Tennis_Bot/hook/cmake_prefix_path.sh'
[2.308s] Level 1:colcon.colcon_core.environment:checking '/home/dev-machine/dev_ws/src/Tennis_Bot/install/Tennis_Bot/bin'
[2.308s] Level 1:colcon.colcon_core.environment:checking '/home/dev-machine/dev_ws/src/Tennis_Bot/install/Tennis_Bot/lib/pkgconfig/Tennis_Bot.pc'
[2.308s] Level 1:colcon.colcon_core.environment:checking '/home/dev-machine/dev_ws/src/Tennis_Bot/install/Tennis_Bot/lib/python3.10/site-packages'
[2.308s] Level 1:colcon.colcon_core.environment:checking '/home/dev-machine/dev_ws/src/Tennis_Bot/install/Tennis_Bot/bin'
[2.321s] INFO:colcon.colcon_core.shell:Creating package script '/home/dev-machine/dev_ws/src/Tennis_Bot/install/Tennis_Bot/share/Tennis_Bot/package.ps1'
[2.322s] INFO:colcon.colcon_core.shell:Creating package descriptor '/home/dev-machine/dev_ws/src/Tennis_Bot/install/Tennis_Bot/share/Tennis_Bot/package.dsv'
[2.324s] INFO:colcon.colcon_core.shell:Creating package script '/home/dev-machine/dev_ws/src/Tennis_Bot/install/Tennis_Bot/share/Tennis_Bot/package.sh'
[2.324s] INFO:colcon.colcon_core.shell:Creating package script '/home/dev-machine/dev_ws/src/Tennis_Bot/install/Tennis_Bot/share/Tennis_Bot/package.bash'
[2.325s] INFO:colcon.colcon_core.shell:Creating package script '/home/dev-machine/dev_ws/src/Tennis_Bot/install/Tennis_Bot/share/Tennis_Bot/package.zsh'
[2.325s] Level 1:colcon.colcon_core.environment:create_file_with_runtime_dependencies(/home/dev-machine/dev_ws/src/Tennis_Bot/install/Tennis_Bot/share/colcon-core/packages/Tennis_Bot)
[2.390s] Level 1:colcon.colcon_core.environment:create_environment_scripts_only(Tennis_Bot)
[2.402s] Level 1:colcon.colcon_core.environment:checking '/home/dev-machine/dev_ws/src/Tennis_Bot/install/Tennis_Bot' for CMake module files
[2.402s] Level 1:colcon.colcon_core.environment:checking '/home/dev-machine/dev_ws/src/Tennis_Bot/install/Tennis_Bot' for CMake config files
[2.403s] Level 1:colcon.colcon_core.shell:create_environment_hook('Tennis_Bot', 'cmake_prefix_path')
[2.414s] INFO:colcon.colcon_core.shell:Creating environment hook '/home/dev-machine/dev_ws/src/Tennis_Bot/install/Tennis_Bot/share/Tennis_Bot/hook/cmake_prefix_path.ps1'
[2.415s] INFO:colcon.colcon_core.shell:Creating environment descriptor '/home/dev-machine/dev_ws/src/Tennis_Bot/install/Tennis_Bot/share/Tennis_Bot/hook/cmake_prefix_path.dsv'
[2.415s] INFO:colcon.colcon_core.shell:Creating environment hook '/home/dev-machine/dev_ws/src/Tennis_Bot/install/Tennis_Bot/share/Tennis_Bot/hook/cmake_prefix_path.sh'
[2.416s] Level 1:colcon.colcon_core.environment:checking '/home/dev-machine/dev_ws/src/Tennis_Bot/install/Tennis_Bot/bin'
[2.416s] Level 1:colcon.colcon_core.environment:checking '/home/dev-machine/dev_ws/src/Tennis_Bot/install/Tennis_Bot/lib/pkgconfig/Tennis_Bot.pc'
[2.416s] Level 1:colcon.colcon_core.environment:checking '/home/dev-machine/dev_ws/src/Tennis_Bot/install/Tennis_Bot/lib/python3.10/site-packages'
[2.417s] Level 1:colcon.colcon_core.environment:checking '/home/dev-machine/dev_ws/src/Tennis_Bot/install/Tennis_Bot/bin'
[2.429s] INFO:colcon.colcon_core.shell:Creating package script '/home/dev-machine/dev_ws/src/Tennis_Bot/install/Tennis_Bot/share/Tennis_Bot/package.ps1'
[2.435s] INFO:colcon.colcon_core.shell:Creating package descriptor '/home/dev-machine/dev_ws/src/Tennis_Bot/install/Tennis_Bot/share/Tennis_Bot/package.dsv'
[2.436s] INFO:colcon.colcon_core.shell:Creating package script '/home/dev-machine/dev_ws/src/Tennis_Bot/install/Tennis_Bot/share/Tennis_Bot/package.sh'
[2.437s] INFO:colcon.colcon_core.shell:Creating package script '/home/dev-machine/dev_ws/src/Tennis_Bot/install/Tennis_Bot/share/Tennis_Bot/package.bash'
[2.437s] INFO:colcon.colcon_core.shell:Creating package script '/home/dev-machine/dev_ws/src/Tennis_Bot/install/Tennis_Bot/share/Tennis_Bot/package.zsh'
[2.437s] Level 1:colcon.colcon_core.environment:create_file_with_runtime_dependencies(/home/dev-machine/dev_ws/src/Tennis_Bot/install/Tennis_Bot/share/colcon-core/packages/Tennis_Bot)
[2.438s] DEBUG:colcon.colcon_parallel_executor.executor.parallel:closing loop
[2.439s] DEBUG:colcon.colcon_parallel_executor.executor.parallel:loop closed
[2.439s] DEBUG:colcon.colcon_parallel_executor.executor.parallel:run_until_complete finished with '0'
[2.440s] DEBUG:colcon.colcon_core.event_reactor:joining thread
[2.466s] INFO:colcon.colcon_core.plugin_system:Skipping extension 'colcon_notification.desktop_notification.terminal_notifier': Not used on non-Darwin systems
[2.466s] INFO:colcon.colcon_core.plugin_system:Skipping extension 'colcon_notification.desktop_notification.win32': Not used on non-Windows systems
[2.466s] INFO:colcon.colcon_notification.desktop_notification:Sending desktop notification using 'notify2'
[2.486s] DEBUG:colcon.colcon_core.event_reactor:joined thread
[2.502s] INFO:colcon.colcon_core.shell:Creating prefix script '/home/dev-machine/dev_ws/src/Tennis_Bot/install/local_setup.ps1'
[2.503s] INFO:colcon.colcon_core.shell:Creating prefix util module '/home/dev-machine/dev_ws/src/Tennis_Bot/install/_local_setup_util_ps1.py'
[2.504s] INFO:colcon.colcon_core.shell:Creating prefix chain script '/home/dev-machine/dev_ws/src/Tennis_Bot/install/setup.ps1'
[2.531s] INFO:colcon.colcon_core.shell:Creating prefix script '/home/dev-machine/dev_ws/src/Tennis_Bot/install/local_setup.sh'
[2.531s] INFO:colcon.colcon_core.shell:Creating prefix util module '/home/dev-machine/dev_ws/src/Tennis_Bot/install/_local_setup_util_sh.py'
[2.532s] INFO:colcon.colcon_core.shell:Creating prefix chain script '/home/dev-machine/dev_ws/src/Tennis_Bot/install/setup.sh'
[2.566s] INFO:colcon.colcon_core.shell:Creating prefix script '/home/dev-machine/dev_ws/src/Tennis_Bot/install/local_setup.bash'
[2.566s] INFO:colcon.colcon_core.shell:Creating prefix chain script '/home/dev-machine/dev_ws/src/Tennis_Bot/install/setup.bash'
[2.586s] INFO:colcon.colcon_core.shell:Creating prefix script '/home/dev-machine/dev_ws/src/Tennis_Bot/install/local_setup.zsh'
[2.586s] INFO:colcon.colcon_core.shell:Creating prefix chain script '/home/dev-machine/dev_ws/src/Tennis_Bot/install/setup.zsh'
