[0.059s] Invoking command in '/home/dev-machine/dev_ws/src/Tennis_Bot/build/Tennis_Bot': CMAKE_PREFIX_PATH=/opt/ros/iron /usr/bin/cmake /home/dev-machine/dev_ws/src/Tennis_Bot -DAMENT_CMAKE_SYMLINK_INSTALL=1 -DCMAKE_INSTALL_PREFIX=/home/dev-machine/dev_ws/src/Tennis_Bot/install/Tennis_Bot
[0.114s] -- The C compiler identification is GNU 11.4.0
[0.169s] -- The CXX compiler identification is GNU 11.4.0
[0.176s] -- Detecting C compiler ABI info
[0.272s] -- Detecting C compiler ABI info - done
[0.278s] -- Check for working C compiler: /usr/bin/cc - skipped
[0.279s] -- Detecting C compile features
[0.279s] -- Detecting C compile features - done
[0.281s] -- Detecting CXX compiler ABI info
[0.384s] -- Detecting CXX compiler ABI info - done
[0.394s] -- Check for working CXX compiler: /usr/bin/c++ - skipped
[0.394s] -- Detecting CXX compile features
[0.395s] -- Detecting CXX compile features - done
[0.396s] -- Found ament_cmake: 2.0.3 (/opt/ros/iron/share/ament_cmake/cmake)
[0.566s] -- Found Python3: /usr/bin/python3.10 (found version "3.10.12") found components: Interpreter 
[0.619s] -- Override CMake install command with custom implementation using symlinks instead of copying resources
[0.639s] -- Found ament_lint_auto: 0.14.2 (/opt/ros/iron/share/ament_lint_auto/cmake)
[0.688s] WARNING: Package name "Tennis_Bot" does not follow the naming conventions. It should start with a lower case letter and only contain lower case letters, digits, underscores, and dashes.
[0.708s] -- Added test 'copyright' to check source files copyright and LICENSE
[0.714s] -- Added test 'cppcheck' to perform static code analysis on C / C++ code
[0.714s] -- Configured cppcheck include dirs: 
[0.714s] -- Configured cppcheck exclude dirs and/or files: 
[0.719s] -- Added test 'cpplint' to check C / C++ code against the Google style
[0.719s] -- Configured cpplint exclude dirs and/or files: 
[0.720s] -- Added test 'flake8' to check Python code syntax and style conventions
[0.720s] -- Configured 'flake8' exclude dirs and/or files: 
[0.722s] -- Added test 'lint_cmake' to check CMake code style
[0.723s] -- Added test 'pep257' to check Python code against some of the docstring style conventions in PEP 257
[0.727s] -- Added test 'uncrustify' to check C / C++ code style
[0.727s] -- Configured uncrustify additional arguments: 
[0.728s] -- Added test 'xmllint' to check XML markup files
[0.730s] -- Configuring done
[0.732s] -- Generating done
[0.733s] -- Build files have been written to: /home/dev-machine/dev_ws/src/Tennis_Bot/build/Tennis_Bot
[0.740s] Invoked command in '/home/dev-machine/dev_ws/src/Tennis_Bot/build/Tennis_Bot' returned '0': CMAKE_PREFIX_PATH=/opt/ros/iron /usr/bin/cmake /home/dev-machine/dev_ws/src/Tennis_Bot -DAMENT_CMAKE_SYMLINK_INSTALL=1 -DCMAKE_INSTALL_PREFIX=/home/dev-machine/dev_ws/src/Tennis_Bot/install/Tennis_Bot
[0.742s] Invoking command in '/home/dev-machine/dev_ws/src/Tennis_Bot/build/Tennis_Bot': CMAKE_PREFIX_PATH=/opt/ros/iron /usr/bin/cmake --build /home/dev-machine/dev_ws/src/Tennis_Bot/build/Tennis_Bot -- -j8 -l8
[0.803s] Invoked command in '/home/dev-machine/dev_ws/src/Tennis_Bot/build/Tennis_Bot' returned '0': CMAKE_PREFIX_PATH=/opt/ros/iron /usr/bin/cmake --build /home/dev-machine/dev_ws/src/Tennis_Bot/build/Tennis_Bot -- -j8 -l8
[0.875s] Invoking command in '/home/dev-machine/dev_ws/src/Tennis_Bot/build/Tennis_Bot': CMAKE_PREFIX_PATH=/opt/ros/iron /usr/bin/cmake --install /home/dev-machine/dev_ws/src/Tennis_Bot/build/Tennis_Bot
[0.885s] -- Install configuration: ""
[0.885s] -- Execute custom install script
[0.886s] -- Symlinking: /home/dev-machine/dev_ws/src/Tennis_Bot/install/Tennis_Bot/share/Tennis_Bot/config/empty.yaml
[0.898s] -- Symlinking: /home/dev-machine/dev_ws/src/Tennis_Bot/install/Tennis_Bot/share/Tennis_Bot/description/inertial_macros.xacro
[0.909s] -- Symlinking: /home/dev-machine/dev_ws/src/Tennis_Bot/install/Tennis_Bot/share/Tennis_Bot/description/robot.urdf.xacro
[0.922s] -- Symlinking: /home/dev-machine/dev_ws/src/Tennis_Bot/install/Tennis_Bot/share/Tennis_Bot/description/robot_core.xacro
[0.932s] -- Symlinking: /home/dev-machine/dev_ws/src/Tennis_Bot/install/Tennis_Bot/share/Tennis_Bot/launch/rsp.launch.py
[0.941s] -- Symlinking: /home/dev-machine/dev_ws/src/Tennis_Bot/install/Tennis_Bot/share/Tennis_Bot/worlds/empty.world
[0.950s] -- Symlinking: /home/dev-machine/dev_ws/src/Tennis_Bot/install/Tennis_Bot/share/ament_index/resource_index/package_run_dependencies/Tennis_Bot
[0.963s] -- Symlinking: /home/dev-machine/dev_ws/src/Tennis_Bot/install/Tennis_Bot/share/ament_index/resource_index/parent_prefix_path/Tennis_Bot
[0.972s] -- Symlinking: /home/dev-machine/dev_ws/src/Tennis_Bot/install/Tennis_Bot/share/Tennis_Bot/environment/ament_prefix_path.sh
[0.983s] -- Symlinking: /home/dev-machine/dev_ws/src/Tennis_Bot/install/Tennis_Bot/share/Tennis_Bot/environment/ament_prefix_path.dsv
[0.993s] -- Symlinking: /home/dev-machine/dev_ws/src/Tennis_Bot/install/Tennis_Bot/share/Tennis_Bot/environment/path.sh
[1.004s] -- Symlinking: /home/dev-machine/dev_ws/src/Tennis_Bot/install/Tennis_Bot/share/Tennis_Bot/environment/path.dsv
[1.013s] -- Symlinking: /home/dev-machine/dev_ws/src/Tennis_Bot/install/Tennis_Bot/share/Tennis_Bot/local_setup.bash
[1.023s] -- Symlinking: /home/dev-machine/dev_ws/src/Tennis_Bot/install/Tennis_Bot/share/Tennis_Bot/local_setup.sh
[1.032s] -- Symlinking: /home/dev-machine/dev_ws/src/Tennis_Bot/install/Tennis_Bot/share/Tennis_Bot/local_setup.zsh
[1.043s] -- Symlinking: /home/dev-machine/dev_ws/src/Tennis_Bot/install/Tennis_Bot/share/Tennis_Bot/local_setup.dsv
[1.054s] -- Symlinking: /home/dev-machine/dev_ws/src/Tennis_Bot/install/Tennis_Bot/share/Tennis_Bot/package.dsv
[1.063s] -- Symlinking: /home/dev-machine/dev_ws/src/Tennis_Bot/install/Tennis_Bot/share/ament_index/resource_index/packages/Tennis_Bot
[1.073s] -- Symlinking: /home/dev-machine/dev_ws/src/Tennis_Bot/install/Tennis_Bot/share/Tennis_Bot/cmake/Tennis_BotConfig.cmake
[1.082s] -- Symlinking: /home/dev-machine/dev_ws/src/Tennis_Bot/install/Tennis_Bot/share/Tennis_Bot/cmake/Tennis_BotConfig-version.cmake
[1.091s] -- Symlinking: /home/dev-machine/dev_ws/src/Tennis_Bot/install/Tennis_Bot/share/Tennis_Bot/package.xml
[1.104s] Invoked command in '/home/dev-machine/dev_ws/src/Tennis_Bot/build/Tennis_Bot' returned '0': CMAKE_PREFIX_PATH=/opt/ros/iron /usr/bin/cmake --install /home/dev-machine/dev_ws/src/Tennis_Bot/build/Tennis_Bot
